#! /c/Source/iverilog-install/bin/vvp
:ivl_version "12.0 (devel)" "(s20150603-1110-g18392a46)";
:ivl_delay_selection "TYPICAL";
:vpi_time_precision + 0;
:vpi_module "c:\iverilog\lib\ivl\system.vpi";
:vpi_module "c:\iverilog\lib\ivl\vhdl_sys.vpi";
:vpi_module "c:\iverilog\lib\ivl\vhdl_textio.vpi";
:vpi_module "c:\iverilog\lib\ivl\v2005_math.vpi";
:vpi_module "c:\iverilog\lib\ivl\va_math.vpi";
S_000001c96ef12720 .scope module, "xor2" "xor2" 2 1;
 .timescale 0 0;
    .port_info 0 /INPUT 1 "x";
    .port_info 1 /INPUT 1 "y";
    .port_info 2 /OUTPUT 1 "z";
o000001c96ef468c8 .functor BUFZ 1, C4<z>; HiZ drive
o000001c96ef468f8 .functor BUFZ 1, C4<z>; HiZ drive
L_000001c96ef12dd0 .functor XOR 1, o000001c96ef468c8, o000001c96ef468f8, C4<0>, C4<0>;
v000001c96ef13210_0 .net "x", 0 0, o000001c96ef468c8;  0 drivers
v000001c96ef128b0_0 .net "y", 0 0, o000001c96ef468f8;  0 drivers
v000001c96ef12950_0 .net "z", 0 0, L_000001c96ef12dd0;  1 drivers
# The file index is used to find the file name in the following table.
:file_names 3;
    "N/A";
    "<interactive>";
    "1_xor.v";
