#! /c/Source/iverilog-install/bin/vvp
:ivl_version "12.0 (devel)" "(s20150603-1110-g18392a46)";
:ivl_delay_selection "TYPICAL";
:vpi_time_precision + 0;
:vpi_module "c:\iverilog\lib\ivl\system.vpi";
:vpi_module "c:\iverilog\lib\ivl\vhdl_sys.vpi";
:vpi_module "c:\iverilog\lib\ivl\vhdl_textio.vpi";
:vpi_module "c:\iverilog\lib\ivl\v2005_math.vpi";
:vpi_module "c:\iverilog\lib\ivl\va_math.vpi";
S_000002051e492720 .scope module, "fa" "fa" 2 1;
 .timescale 0 0;
    .port_info 0 /INPUT 1 "i0";
    .port_info 1 /INPUT 1 "i1";
    .port_info 2 /INPUT 1 "cin";
    .port_info 3 /OUTPUT 1 "sum";
    .port_info 4 /OUTPUT 1 "cout";
o000002051e4c7108 .functor BUFZ 1, C4<z>; HiZ drive
o000002051e4c7138 .functor BUFZ 1, C4<z>; HiZ drive
L_000002051e47a8b0 .functor XOR 1, o000002051e4c7108, o000002051e4c7138, C4<0>, C4<0>;
o000002051e4c70a8 .functor BUFZ 1, C4<z>; HiZ drive
L_000002051e493210 .functor XOR 1, L_000002051e47a8b0, o000002051e4c70a8, C4<0>, C4<0>;
L_000002051e492dd0 .functor AND 1, o000002051e4c7108, o000002051e4c7138, C4<1>, C4<1>;
L_000002051e493010 .functor AND 1, o000002051e4c7138, o000002051e4c70a8, C4<1>, C4<1>;
L_000002051e47ec90 .functor OR 1, L_000002051e492dd0, L_000002051e493010, C4<0>, C4<0>;
L_000002051e47ed00 .functor AND 1, o000002051e4c70a8, o000002051e4c7108, C4<1>, C4<1>;
L_000002051e47ed70 .functor OR 1, L_000002051e47ec90, L_000002051e47ed00, C4<0>, C4<0>;
v000002051e47a810_0 .net *"_ivl_0", 0 0, L_000002051e47a8b0;  1 drivers
v000002051e4928b0_0 .net *"_ivl_10", 0 0, L_000002051e47ed00;  1 drivers
v000002051e492950_0 .net *"_ivl_4", 0 0, L_000002051e492dd0;  1 drivers
v000002051e4929f0_0 .net *"_ivl_6", 0 0, L_000002051e493010;  1 drivers
v000002051e492a90_0 .net *"_ivl_8", 0 0, L_000002051e47ec90;  1 drivers
v000002051e492b30_0 .net "cin", 0 0, o000002051e4c70a8;  0 drivers
v000002051e47eac0_0 .net "cout", 0 0, L_000002051e47ed70;  1 drivers
v000002051e47eb60_0 .net "i0", 0 0, o000002051e4c7108;  0 drivers
v000002051e4c0cf0_0 .net "i1", 0 0, o000002051e4c7138;  0 drivers
v000002051e4c0c50_0 .net "sum", 0 0, L_000002051e493210;  1 drivers
# The file index is used to find the file name in the following table.
:file_names 3;
    "N/A";
    "<interactive>";
    "2_fa.v";
