#! /c/Source/iverilog-install/bin/vvp
:ivl_version "12.0 (devel)" "(s20150603-1110-g18392a46)";
:ivl_delay_selection "TYPICAL";
:vpi_time_precision + 0;
:vpi_module "c:\iverilog\lib\ivl\system.vpi";
:vpi_module "c:\iverilog\lib\ivl\vhdl_sys.vpi";
:vpi_module "c:\iverilog\lib\ivl\vhdl_textio.vpi";
:vpi_module "c:\iverilog\lib\ivl\v2005_math.vpi";
:vpi_module "c:\iverilog\lib\ivl\va_math.vpi";
S_000001a3239b51e0 .scope module, "booth_substep" "booth_substep" 2 3;
 .timescale 0 0;
    .port_info 0 /INPUT 8 "acc";
    .port_info 1 /INPUT 8 "Q";
    .port_info 2 /INPUT 1 "q0";
    .port_info 3 /INPUT 8 "multiplicand";
    .port_info 4 /OUTPUT 8 "next_acc";
    .port_info 5 /OUTPUT 8 "next_Q";
    .port_info 6 /OUTPUT 1 "q0_next";
o000001a3239e58f8 .functor BUFZ 8, C4<zzzzzzzz>; HiZ drive
v000001a323a408f0_0 .net/s "Q", 7 0, o000001a3239e58f8;  0 drivers
o000001a3239e5748 .functor BUFZ 8, C4<zzzzzzzz>; HiZ drive
v000001a323a3f8b0_0 .net/s "acc", 7 0, o000001a3239e5748;  0 drivers
v000001a323a3f310_0 .net "addsub_temp", 7 0, L_000001a323a456b0;  1 drivers
o000001a3239e5778 .functor BUFZ 8, C4<zzzzzzzz>; HiZ drive
v000001a323a3ed70_0 .net/s "multiplicand", 7 0, o000001a3239e5778;  0 drivers
v000001a323a3f1d0_0 .var/s "next_Q", 7 0;
v000001a323a3f450_0 .var/s "next_acc", 7 0;
o000001a3239e5988 .functor BUFZ 1, C4<z>; HiZ drive
v000001a323a3fbd0_0 .net/s "q0", 0 0, o000001a3239e5988;  0 drivers
v000001a323a3eeb0_0 .var "q0_next", 0 0;
E_000001a3239d6e10 .event anyedge, v000001a323a408f0_0, v000001a323a3fbd0_0, v000001a323a3f130_0, v000001a323a40850_0;
L_000001a323a44f30 .part o000001a3239e58f8, 0, 1;
S_000001a3239b5370 .scope module, "myadd" "eight_bit_adder_subractor" 2 14, 3 4 0, S_000001a3239b51e0;
 .timescale 0 0;
    .port_info 0 /INPUT 1 "cin";
    .port_info 1 /INPUT 8 "i0";
    .port_info 2 /INPUT 8 "i1";
    .port_info 3 /OUTPUT 8 "sum";
o000001a3239e5718 .functor BUFZ 1, C4<z>; HiZ drive
; Elide local net with no drivers, v000001a323a3ff90_0 name=_ivl_112
v000001a323a3ecd0_0 .net "cin", 0 0, L_000001a323a44f30;  1 drivers
v000001a323a40030_0 .net "cout", 0 0, L_000001a323a46aa0;  1 drivers
v000001a323a3f130_0 .net "i0", 7 0, o000001a3239e5748;  alias, 0 drivers
v000001a323a40710_0 .net "i1", 7 0, o000001a3239e5778;  alias, 0 drivers
v000001a323a407b0_0 .net "int_ip", 7 0, L_000001a323a3eb90;  1 drivers
v000001a323a40850_0 .net "sum", 7 0, L_000001a323a456b0;  alias, 1 drivers
v000001a323a3f270_0 .net "temp", 7 0, L_000001a323a451b0;  1 drivers
L_000001a323a3f590 .part o000001a3239e5778, 0, 1;
L_000001a323a3f630 .part o000001a3239e5778, 1, 1;
L_000001a323a3f6d0 .part o000001a3239e5778, 2, 1;
L_000001a323a400d0 .part o000001a3239e5778, 3, 1;
L_000001a323a402b0 .part o000001a3239e5778, 4, 1;
L_000001a323a3ea50 .part o000001a3239e5778, 5, 1;
L_000001a323a3f810 .part o000001a3239e5778, 6, 1;
L_000001a323a40670 .part o000001a3239e5778, 7, 1;
LS_000001a323a3eb90_0_0 .concat8 [ 1 1 1 1], L_000001a3239dd110, L_000001a3239dd9d0, L_000001a3239dda40, L_000001a3239dd730;
LS_000001a323a3eb90_0_4 .concat8 [ 1 1 1 1], L_000001a3239dd650, L_000001a3239ddb20, L_000001a3239dd500, L_000001a3239ddb90;
L_000001a323a3eb90 .concat8 [ 4 4 0 0], LS_000001a323a3eb90_0_0, LS_000001a323a3eb90_0_4;
L_000001a323a3ef50 .part o000001a3239e5748, 0, 1;
L_000001a323a3f770 .part L_000001a323a3eb90, 0, 1;
L_000001a323a40210 .part o000001a3239e5748, 1, 1;
L_000001a323a3f950 .part L_000001a323a3eb90, 1, 1;
L_000001a323a3fc70 .part L_000001a323a451b0, 0, 1;
L_000001a323a3fa90 .part o000001a3239e5748, 2, 1;
L_000001a323a40350 .part L_000001a323a3eb90, 2, 1;
L_000001a323a403f0 .part L_000001a323a451b0, 1, 1;
L_000001a323a40490 .part o000001a3239e5748, 3, 1;
L_000001a323a44710 .part L_000001a323a3eb90, 3, 1;
L_000001a323a46290 .part L_000001a323a451b0, 2, 1;
L_000001a323a44490 .part o000001a3239e5748, 4, 1;
L_000001a323a460b0 .part L_000001a323a3eb90, 4, 1;
L_000001a323a46150 .part L_000001a323a451b0, 3, 1;
L_000001a323a44df0 .part o000001a3239e5748, 5, 1;
L_000001a323a44990 .part L_000001a323a3eb90, 5, 1;
L_000001a323a45b10 .part L_000001a323a451b0, 4, 1;
L_000001a323a45890 .part o000001a3239e5748, 6, 1;
L_000001a323a45c50 .part L_000001a323a3eb90, 6, 1;
L_000001a323a44d50 .part L_000001a323a451b0, 5, 1;
L_000001a323a44530 .part o000001a3239e5748, 7, 1;
L_000001a323a44e90 .part L_000001a323a3eb90, 7, 1;
L_000001a323a445d0 .part L_000001a323a451b0, 6, 1;
LS_000001a323a456b0_0_0 .concat8 [ 1 1 1 1], L_000001a3239ddf80, L_000001a3239dd2d0, L_000001a323a429f0, L_000001a323a43010;
LS_000001a323a456b0_0_4 .concat8 [ 1 1 1 1], L_000001a323a42520, L_000001a323a42ad0, L_000001a323a42c90, L_000001a323a47440;
L_000001a323a456b0 .concat8 [ 4 4 0 0], LS_000001a323a456b0_0_0, LS_000001a323a456b0_0_4;
LS_000001a323a451b0_0_0 .concat [ 1 1 1 1], L_000001a3239dde30, L_000001a3239dddc0, L_000001a323a42440, L_000001a323a43240;
LS_000001a323a451b0_0_4 .concat [ 1 1 1 1], L_000001a323a42670, L_000001a323a42c20, L_000001a323a42ec0, o000001a3239e5718;
L_000001a323a451b0 .concat [ 4 4 0 0], LS_000001a323a451b0_0_0, LS_000001a323a451b0_0_4;
S_000001a32396cf90 .scope module, "fa1" "fa" 3 29, 4 1 0, S_000001a3239b5370;
 .timescale 0 0;
    .port_info 0 /INPUT 1 "i0";
    .port_info 1 /INPUT 1 "i1";
    .port_info 2 /INPUT 1 "cin";
    .port_info 3 /OUTPUT 1 "sum";
    .port_info 4 /OUTPUT 1 "cout";
L_000001a3239dd960 .functor XOR 1, L_000001a323a3ef50, L_000001a323a3f770, C4<0>, C4<0>;
L_000001a3239ddf80 .functor XOR 1, L_000001a3239dd960, L_000001a323a44f30, C4<0>, C4<0>;
L_000001a3239dd7a0 .functor AND 1, L_000001a323a3ef50, L_000001a323a3f770, C4<1>, C4<1>;
L_000001a3239dd180 .functor AND 1, L_000001a323a3f770, L_000001a323a44f30, C4<1>, C4<1>;
L_000001a3239dd570 .functor OR 1, L_000001a3239dd7a0, L_000001a3239dd180, C4<0>, C4<0>;
L_000001a3239ddc00 .functor AND 1, L_000001a323a44f30, L_000001a323a3ef50, C4<1>, C4<1>;
L_000001a3239dde30 .functor OR 1, L_000001a3239dd570, L_000001a3239ddc00, C4<0>, C4<0>;
v000001a3239da4b0_0 .net *"_ivl_0", 0 0, L_000001a3239dd960;  1 drivers
v000001a3239d9bf0_0 .net *"_ivl_10", 0 0, L_000001a3239ddc00;  1 drivers
v000001a3239d8d90_0 .net *"_ivl_4", 0 0, L_000001a3239dd7a0;  1 drivers
v000001a3239da2d0_0 .net *"_ivl_6", 0 0, L_000001a3239dd180;  1 drivers
v000001a3239d95b0_0 .net *"_ivl_8", 0 0, L_000001a3239dd570;  1 drivers
v000001a3239d9c90_0 .net "cin", 0 0, L_000001a323a44f30;  alias, 1 drivers
v000001a3239d9790_0 .net "cout", 0 0, L_000001a3239dde30;  1 drivers
v000001a3239d9a10_0 .net "i0", 0 0, L_000001a323a3ef50;  1 drivers
v000001a3239da370_0 .net "i1", 0 0, L_000001a323a3f770;  1 drivers
v000001a3239da410_0 .net "sum", 0 0, L_000001a3239ddf80;  1 drivers
S_000001a32396d120 .scope module, "fa2" "fa" 3 30, 4 1 0, S_000001a3239b5370;
 .timescale 0 0;
    .port_info 0 /INPUT 1 "i0";
    .port_info 1 /INPUT 1 "i1";
    .port_info 2 /INPUT 1 "cin";
    .port_info 3 /OUTPUT 1 "sum";
    .port_info 4 /OUTPUT 1 "cout";
L_000001a3239dd810 .functor XOR 1, L_000001a323a40210, L_000001a323a3f950, C4<0>, C4<0>;
L_000001a3239dd2d0 .functor XOR 1, L_000001a3239dd810, L_000001a323a3fc70, C4<0>, C4<0>;
L_000001a3239dd880 .functor AND 1, L_000001a323a40210, L_000001a323a3f950, C4<1>, C4<1>;
L_000001a3239ddc70 .functor AND 1, L_000001a323a3f950, L_000001a323a3fc70, C4<1>, C4<1>;
L_000001a3239ddce0 .functor OR 1, L_000001a3239dd880, L_000001a3239ddc70, C4<0>, C4<0>;
L_000001a3239ddd50 .functor AND 1, L_000001a323a3fc70, L_000001a323a40210, C4<1>, C4<1>;
L_000001a3239dddc0 .functor OR 1, L_000001a3239ddce0, L_000001a3239ddd50, C4<0>, C4<0>;
v000001a3239d9830_0 .net *"_ivl_0", 0 0, L_000001a3239dd810;  1 drivers
v000001a3239d8f70_0 .net *"_ivl_10", 0 0, L_000001a3239ddd50;  1 drivers
v000001a3239d9510_0 .net *"_ivl_4", 0 0, L_000001a3239dd880;  1 drivers
v000001a3239d9330_0 .net *"_ivl_6", 0 0, L_000001a3239ddc70;  1 drivers
v000001a3239da550_0 .net *"_ivl_8", 0 0, L_000001a3239ddce0;  1 drivers
v000001a3239d9010_0 .net "cin", 0 0, L_000001a323a3fc70;  1 drivers
v000001a3239d9970_0 .net "cout", 0 0, L_000001a3239dddc0;  1 drivers
v000001a3239d9150_0 .net "i0", 0 0, L_000001a323a40210;  1 drivers
v000001a3239d9650_0 .net "i1", 0 0, L_000001a323a3f950;  1 drivers
v000001a3239d96f0_0 .net "sum", 0 0, L_000001a3239dd2d0;  1 drivers
S_000001a32396d2b0 .scope module, "fa3" "fa" 3 31, 4 1 0, S_000001a3239b5370;
 .timescale 0 0;
    .port_info 0 /INPUT 1 "i0";
    .port_info 1 /INPUT 1 "i1";
    .port_info 2 /INPUT 1 "cin";
    .port_info 3 /OUTPUT 1 "sum";
    .port_info 4 /OUTPUT 1 "cout";
L_000001a3239ddea0 .functor XOR 1, L_000001a323a3fa90, L_000001a323a40350, C4<0>, C4<0>;
L_000001a323a429f0 .functor XOR 1, L_000001a3239ddea0, L_000001a323a403f0, C4<0>, C4<0>;
L_000001a323a427c0 .functor AND 1, L_000001a323a3fa90, L_000001a323a40350, C4<1>, C4<1>;
L_000001a323a42b40 .functor AND 1, L_000001a323a40350, L_000001a323a403f0, C4<1>, C4<1>;
L_000001a323a42bb0 .functor OR 1, L_000001a323a427c0, L_000001a323a42b40, C4<0>, C4<0>;
L_000001a323a424b0 .functor AND 1, L_000001a323a403f0, L_000001a323a3fa90, C4<1>, C4<1>;
L_000001a323a42440 .functor OR 1, L_000001a323a42bb0, L_000001a323a424b0, C4<0>, C4<0>;
v000001a3239da5f0_0 .net *"_ivl_0", 0 0, L_000001a3239ddea0;  1 drivers
v000001a3239da7d0_0 .net *"_ivl_10", 0 0, L_000001a323a424b0;  1 drivers
v000001a3239da690_0 .net *"_ivl_4", 0 0, L_000001a323a427c0;  1 drivers
v000001a3239d91f0_0 .net *"_ivl_6", 0 0, L_000001a323a42b40;  1 drivers
v000001a3239d9290_0 .net *"_ivl_8", 0 0, L_000001a323a42bb0;  1 drivers
v000001a3239d93d0_0 .net "cin", 0 0, L_000001a323a403f0;  1 drivers
v000001a3239d9470_0 .net "cout", 0 0, L_000001a323a42440;  1 drivers
v000001a3239d98d0_0 .net "i0", 0 0, L_000001a323a3fa90;  1 drivers
v000001a3239ce690_0 .net "i1", 0 0, L_000001a323a40350;  1 drivers
v000001a3239ceaf0_0 .net "sum", 0 0, L_000001a323a429f0;  1 drivers
S_000001a3239827a0 .scope module, "fa4" "fa" 3 32, 4 1 0, S_000001a3239b5370;
 .timescale 0 0;
    .port_info 0 /INPUT 1 "i0";
    .port_info 1 /INPUT 1 "i1";
    .port_info 2 /INPUT 1 "cin";
    .port_info 3 /OUTPUT 1 "sum";
    .port_info 4 /OUTPUT 1 "cout";
L_000001a323a42fa0 .functor XOR 1, L_000001a323a40490, L_000001a323a44710, C4<0>, C4<0>;
L_000001a323a43010 .functor XOR 1, L_000001a323a42fa0, L_000001a323a46290, C4<0>, C4<0>;
L_000001a323a42a60 .functor AND 1, L_000001a323a40490, L_000001a323a44710, C4<1>, C4<1>;
L_000001a323a42590 .functor AND 1, L_000001a323a44710, L_000001a323a46290, C4<1>, C4<1>;
L_000001a323a42600 .functor OR 1, L_000001a323a42a60, L_000001a323a42590, C4<0>, C4<0>;
L_000001a323a42830 .functor AND 1, L_000001a323a46290, L_000001a323a40490, C4<1>, C4<1>;
L_000001a323a43240 .functor OR 1, L_000001a323a42600, L_000001a323a42830, C4<0>, C4<0>;
v000001a3239cf8b0_0 .net *"_ivl_0", 0 0, L_000001a323a42fa0;  1 drivers
v000001a3239cecd0_0 .net *"_ivl_10", 0 0, L_000001a323a42830;  1 drivers
v000001a3239ceeb0_0 .net *"_ivl_4", 0 0, L_000001a323a42a60;  1 drivers
v000001a3239cfbd0_0 .net *"_ivl_6", 0 0, L_000001a323a42590;  1 drivers
v000001a3239cf9f0_0 .net *"_ivl_8", 0 0, L_000001a323a42600;  1 drivers
v000001a3239cfb30_0 .net "cin", 0 0, L_000001a323a46290;  1 drivers
v000001a3239c8270_0 .net "cout", 0 0, L_000001a323a43240;  1 drivers
v000001a3239c8950_0 .net "i0", 0 0, L_000001a323a40490;  1 drivers
v000001a323a3cf20_0 .net "i1", 0 0, L_000001a323a44710;  1 drivers
v000001a323a3ba80_0 .net "sum", 0 0, L_000001a323a43010;  1 drivers
S_000001a323982930 .scope module, "fa5" "fa" 3 33, 4 1 0, S_000001a3239b5370;
 .timescale 0 0;
    .port_info 0 /INPUT 1 "i0";
    .port_info 1 /INPUT 1 "i1";
    .port_info 2 /INPUT 1 "cin";
    .port_info 3 /OUTPUT 1 "sum";
    .port_info 4 /OUTPUT 1 "cout";
L_000001a323a432b0 .functor XOR 1, L_000001a323a44490, L_000001a323a460b0, C4<0>, C4<0>;
L_000001a323a42520 .functor XOR 1, L_000001a323a432b0, L_000001a323a46150, C4<0>, C4<0>;
L_000001a323a42d00 .functor AND 1, L_000001a323a44490, L_000001a323a460b0, C4<1>, C4<1>;
L_000001a323a430f0 .functor AND 1, L_000001a323a460b0, L_000001a323a46150, C4<1>, C4<1>;
L_000001a323a42f30 .functor OR 1, L_000001a323a42d00, L_000001a323a430f0, C4<0>, C4<0>;
L_000001a323a42d70 .functor AND 1, L_000001a323a46150, L_000001a323a44490, C4<1>, C4<1>;
L_000001a323a42670 .functor OR 1, L_000001a323a42f30, L_000001a323a42d70, C4<0>, C4<0>;
v000001a323a3c0c0_0 .net *"_ivl_0", 0 0, L_000001a323a432b0;  1 drivers
v000001a323a3bb20_0 .net *"_ivl_10", 0 0, L_000001a323a42d70;  1 drivers
v000001a323a3b440_0 .net *"_ivl_4", 0 0, L_000001a323a42d00;  1 drivers
v000001a323a3c660_0 .net *"_ivl_6", 0 0, L_000001a323a430f0;  1 drivers
v000001a323a3b8a0_0 .net *"_ivl_8", 0 0, L_000001a323a42f30;  1 drivers
v000001a323a3cfc0_0 .net "cin", 0 0, L_000001a323a46150;  1 drivers
v000001a323a3c480_0 .net "cout", 0 0, L_000001a323a42670;  1 drivers
v000001a323a3bbc0_0 .net "i0", 0 0, L_000001a323a44490;  1 drivers
v000001a323a3bd00_0 .net "i1", 0 0, L_000001a323a460b0;  1 drivers
v000001a323a3b4e0_0 .net "sum", 0 0, L_000001a323a42520;  1 drivers
S_000001a323982ac0 .scope module, "fa6" "fa" 3 34, 4 1 0, S_000001a3239b5370;
 .timescale 0 0;
    .port_info 0 /INPUT 1 "i0";
    .port_info 1 /INPUT 1 "i1";
    .port_info 2 /INPUT 1 "cin";
    .port_info 3 /OUTPUT 1 "sum";
    .port_info 4 /OUTPUT 1 "cout";
L_000001a323a42910 .functor XOR 1, L_000001a323a44df0, L_000001a323a44990, C4<0>, C4<0>;
L_000001a323a42ad0 .functor XOR 1, L_000001a323a42910, L_000001a323a45b10, C4<0>, C4<0>;
L_000001a323a431d0 .functor AND 1, L_000001a323a44df0, L_000001a323a44990, C4<1>, C4<1>;
L_000001a323a42de0 .functor AND 1, L_000001a323a44990, L_000001a323a45b10, C4<1>, C4<1>;
L_000001a323a43160 .functor OR 1, L_000001a323a431d0, L_000001a323a42de0, C4<0>, C4<0>;
L_000001a323a42e50 .functor AND 1, L_000001a323a45b10, L_000001a323a44df0, C4<1>, C4<1>;
L_000001a323a42c20 .functor OR 1, L_000001a323a43160, L_000001a323a42e50, C4<0>, C4<0>;
v000001a323a3c980_0 .net *"_ivl_0", 0 0, L_000001a323a42910;  1 drivers
v000001a323a3c520_0 .net *"_ivl_10", 0 0, L_000001a323a42e50;  1 drivers
v000001a323a3c2a0_0 .net *"_ivl_4", 0 0, L_000001a323a431d0;  1 drivers
v000001a323a3ce80_0 .net *"_ivl_6", 0 0, L_000001a323a42de0;  1 drivers
v000001a323a3b580_0 .net *"_ivl_8", 0 0, L_000001a323a43160;  1 drivers
v000001a323a3b9e0_0 .net "cin", 0 0, L_000001a323a45b10;  1 drivers
v000001a323a3cde0_0 .net "cout", 0 0, L_000001a323a42c20;  1 drivers
v000001a323a3bc60_0 .net "i0", 0 0, L_000001a323a44df0;  1 drivers
v000001a323a3cb60_0 .net "i1", 0 0, L_000001a323a44990;  1 drivers
v000001a323a3c200_0 .net "sum", 0 0, L_000001a323a42ad0;  1 drivers
S_000001a323a3e230 .scope module, "fa7" "fa" 3 35, 4 1 0, S_000001a3239b5370;
 .timescale 0 0;
    .port_info 0 /INPUT 1 "i0";
    .port_info 1 /INPUT 1 "i1";
    .port_info 2 /INPUT 1 "cin";
    .port_info 3 /OUTPUT 1 "sum";
    .port_info 4 /OUTPUT 1 "cout";
L_000001a323a423d0 .functor XOR 1, L_000001a323a45890, L_000001a323a45c50, C4<0>, C4<0>;
L_000001a323a42c90 .functor XOR 1, L_000001a323a423d0, L_000001a323a44d50, C4<0>, C4<0>;
L_000001a323a426e0 .functor AND 1, L_000001a323a45890, L_000001a323a45c50, C4<1>, C4<1>;
L_000001a323a42750 .functor AND 1, L_000001a323a45c50, L_000001a323a44d50, C4<1>, C4<1>;
L_000001a323a428a0 .functor OR 1, L_000001a323a426e0, L_000001a323a42750, C4<0>, C4<0>;
L_000001a323a42980 .functor AND 1, L_000001a323a44d50, L_000001a323a45890, C4<1>, C4<1>;
L_000001a323a42ec0 .functor OR 1, L_000001a323a428a0, L_000001a323a42980, C4<0>, C4<0>;
v000001a323a3c700_0 .net *"_ivl_0", 0 0, L_000001a323a423d0;  1 drivers
v000001a323a3cc00_0 .net *"_ivl_10", 0 0, L_000001a323a42980;  1 drivers
v000001a323a3c340_0 .net *"_ivl_4", 0 0, L_000001a323a426e0;  1 drivers
v000001a323a3b6c0_0 .net *"_ivl_6", 0 0, L_000001a323a42750;  1 drivers
v000001a323a3bda0_0 .net *"_ivl_8", 0 0, L_000001a323a428a0;  1 drivers
v000001a323a3c7a0_0 .net "cin", 0 0, L_000001a323a44d50;  1 drivers
v000001a323a3d100_0 .net "cout", 0 0, L_000001a323a42ec0;  1 drivers
v000001a323a3be40_0 .net "i0", 0 0, L_000001a323a45890;  1 drivers
v000001a323a3bee0_0 .net "i1", 0 0, L_000001a323a45c50;  1 drivers
v000001a323a3c840_0 .net "sum", 0 0, L_000001a323a42c90;  1 drivers
S_000001a323a3e3c0 .scope module, "fa8" "fa" 3 36, 4 1 0, S_000001a3239b5370;
 .timescale 0 0;
    .port_info 0 /INPUT 1 "i0";
    .port_info 1 /INPUT 1 "i1";
    .port_info 2 /INPUT 1 "cin";
    .port_info 3 /OUTPUT 1 "sum";
    .port_info 4 /OUTPUT 1 "cout";
L_000001a323a43080 .functor XOR 1, L_000001a323a44530, L_000001a323a44e90, C4<0>, C4<0>;
L_000001a323a47440 .functor XOR 1, L_000001a323a43080, L_000001a323a445d0, C4<0>, C4<0>;
L_000001a323a47360 .functor AND 1, L_000001a323a44530, L_000001a323a44e90, C4<1>, C4<1>;
L_000001a323a469c0 .functor AND 1, L_000001a323a44e90, L_000001a323a445d0, C4<1>, C4<1>;
L_000001a323a46a30 .functor OR 1, L_000001a323a47360, L_000001a323a469c0, C4<0>, C4<0>;
L_000001a323a46b10 .functor AND 1, L_000001a323a445d0, L_000001a323a44530, C4<1>, C4<1>;
L_000001a323a46aa0 .functor OR 1, L_000001a323a46a30, L_000001a323a46b10, C4<0>, C4<0>;
v000001a323a3b260_0 .net *"_ivl_0", 0 0, L_000001a323a43080;  1 drivers
v000001a323a3bf80_0 .net *"_ivl_10", 0 0, L_000001a323a46b10;  1 drivers
v000001a323a3b760_0 .net *"_ivl_4", 0 0, L_000001a323a47360;  1 drivers
v000001a323a3b940_0 .net *"_ivl_6", 0 0, L_000001a323a469c0;  1 drivers
v000001a323a3c5c0_0 .net *"_ivl_8", 0 0, L_000001a323a46a30;  1 drivers
v000001a323a3b3a0_0 .net "cin", 0 0, L_000001a323a445d0;  1 drivers
v000001a323a3d060_0 .net "cout", 0 0, L_000001a323a46aa0;  alias, 1 drivers
v000001a323a3b300_0 .net "i0", 0 0, L_000001a323a44530;  1 drivers
v000001a323a3b620_0 .net "i1", 0 0, L_000001a323a44e90;  1 drivers
v000001a323a3b800_0 .net "sum", 0 0, L_000001a323a47440;  1 drivers
S_000001a323a3e550 .scope module, "x0" "xor2" 3 17, 5 1 0, S_000001a3239b5370;
 .timescale 0 0;
    .port_info 0 /INPUT 1 "x";
    .port_info 1 /INPUT 1 "y";
    .port_info 2 /OUTPUT 1 "z";
L_000001a3239dd110 .functor XOR 1, L_000001a323a3f590, L_000001a323a44f30, C4<0>, C4<0>;
v000001a323a3c020_0 .net "x", 0 0, L_000001a323a3f590;  1 drivers
v000001a323a3c160_0 .net "y", 0 0, L_000001a323a44f30;  alias, 1 drivers
v000001a323a3c8e0_0 .net "z", 0 0, L_000001a3239dd110;  1 drivers
S_000001a323a3e6e0 .scope module, "x1" "xor2" 3 18, 5 1 0, S_000001a3239b5370;
 .timescale 0 0;
    .port_info 0 /INPUT 1 "x";
    .port_info 1 /INPUT 1 "y";
    .port_info 2 /OUTPUT 1 "z";
L_000001a3239dd9d0 .functor XOR 1, L_000001a323a3f630, L_000001a323a44f30, C4<0>, C4<0>;
v000001a323a3ca20_0 .net "x", 0 0, L_000001a323a3f630;  1 drivers
v000001a323a3c3e0_0 .net "y", 0 0, L_000001a323a44f30;  alias, 1 drivers
v000001a323a3cac0_0 .net "z", 0 0, L_000001a3239dd9d0;  1 drivers
S_000001a323a3e870 .scope module, "x2" "xor2" 3 19, 5 1 0, S_000001a3239b5370;
 .timescale 0 0;
    .port_info 0 /INPUT 1 "x";
    .port_info 1 /INPUT 1 "y";
    .port_info 2 /OUTPUT 1 "z";
L_000001a3239dda40 .functor XOR 1, L_000001a323a3f6d0, L_000001a323a44f30, C4<0>, C4<0>;
v000001a323a3cca0_0 .net "x", 0 0, L_000001a323a3f6d0;  1 drivers
v000001a323a3cd40_0 .net "y", 0 0, L_000001a323a44f30;  alias, 1 drivers
v000001a323a3eff0_0 .net "z", 0 0, L_000001a3239dda40;  1 drivers
S_000001a323a40a10 .scope module, "x3" "xor2" 3 20, 5 1 0, S_000001a3239b5370;
 .timescale 0 0;
    .port_info 0 /INPUT 1 "x";
    .port_info 1 /INPUT 1 "y";
    .port_info 2 /OUTPUT 1 "z";
L_000001a3239dd730 .functor XOR 1, L_000001a323a400d0, L_000001a323a44f30, C4<0>, C4<0>;
v000001a323a3fe50_0 .net "x", 0 0, L_000001a323a400d0;  1 drivers
v000001a323a3f4f0_0 .net "y", 0 0, L_000001a323a44f30;  alias, 1 drivers
v000001a323a40170_0 .net "z", 0 0, L_000001a3239dd730;  1 drivers
S_000001a323a40ba0 .scope module, "x4" "xor2" 3 21, 5 1 0, S_000001a3239b5370;
 .timescale 0 0;
    .port_info 0 /INPUT 1 "x";
    .port_info 1 /INPUT 1 "y";
    .port_info 2 /OUTPUT 1 "z";
L_000001a3239dd650 .functor XOR 1, L_000001a323a402b0, L_000001a323a44f30, C4<0>, C4<0>;
v000001a323a3fdb0_0 .net "x", 0 0, L_000001a323a402b0;  1 drivers
v000001a323a3f3b0_0 .net "y", 0 0, L_000001a323a44f30;  alias, 1 drivers
v000001a323a3ee10_0 .net "z", 0 0, L_000001a3239dd650;  1 drivers
S_000001a323a40d30 .scope module, "x5" "xor2" 3 22, 5 1 0, S_000001a3239b5370;
 .timescale 0 0;
    .port_info 0 /INPUT 1 "x";
    .port_info 1 /INPUT 1 "y";
    .port_info 2 /OUTPUT 1 "z";
L_000001a3239ddb20 .functor XOR 1, L_000001a323a3ea50, L_000001a323a44f30, C4<0>, C4<0>;
v000001a323a3ec30_0 .net "x", 0 0, L_000001a323a3ea50;  1 drivers
v000001a323a3fd10_0 .net "y", 0 0, L_000001a323a44f30;  alias, 1 drivers
v000001a323a405d0_0 .net "z", 0 0, L_000001a3239ddb20;  1 drivers
S_000001a323a40ec0 .scope module, "x6" "xor2" 3 23, 5 1 0, S_000001a3239b5370;
 .timescale 0 0;
    .port_info 0 /INPUT 1 "x";
    .port_info 1 /INPUT 1 "y";
    .port_info 2 /OUTPUT 1 "z";
L_000001a3239dd500 .functor XOR 1, L_000001a323a3f810, L_000001a323a44f30, C4<0>, C4<0>;
v000001a323a3fb30_0 .net "x", 0 0, L_000001a323a3f810;  1 drivers
v000001a323a3fef0_0 .net "y", 0 0, L_000001a323a44f30;  alias, 1 drivers
v000001a323a40530_0 .net "z", 0 0, L_000001a3239dd500;  1 drivers
S_000001a323a413c0 .scope module, "x7" "xor2" 3 24, 5 1 0, S_000001a3239b5370;
 .timescale 0 0;
    .port_info 0 /INPUT 1 "x";
    .port_info 1 /INPUT 1 "y";
    .port_info 2 /OUTPUT 1 "z";
L_000001a3239ddb90 .functor XOR 1, L_000001a323a40670, L_000001a323a44f30, C4<0>, C4<0>;
v000001a323a3f9f0_0 .net "x", 0 0, L_000001a323a40670;  1 drivers
v000001a323a3f090_0 .net "y", 0 0, L_000001a323a44f30;  alias, 1 drivers
v000001a323a3eaf0_0 .net "z", 0 0, L_000001a3239ddb90;  1 drivers
    .scope S_000001a3239b51e0;
T_0 ;
    %wait E_000001a3239d6e10;
    %load/vec4 v000001a323a408f0_0;
    %parti/s 1, 0, 2;
    %load/vec4 v000001a323a3fbd0_0;
    %cmp/e;
    %jmp/0xz  T_0.0, 4;
    %load/vec4 v000001a323a408f0_0;
    %parti/s 1, 0, 2;
    %store/vec4 v000001a323a3eeb0_0, 0, 1;
    %load/vec4 v000001a323a408f0_0;
    %ix/load 4, 1, 0;
    %flag_set/imm 4, 0;
    %shiftr 4;
    %store/vec4 v000001a323a3f1d0_0, 0, 8;
    %load/vec4 v000001a323a3f8b0_0;
    %parti/s 1, 0, 2;
    %ix/load 4, 7, 0;
    %flag_set/imm 4, 0;
    %store/vec4 v000001a323a3f1d0_0, 4, 1;
    %load/vec4 v000001a323a3f8b0_0;
    %ix/load 4, 1, 0;
    %flag_set/imm 4, 0;
    %shiftr 4;
    %store/vec4 v000001a323a3f450_0, 0, 8;
    %load/vec4 v000001a323a3f8b0_0;
    %parti/s 1, 7, 4;
    %pad/u 32;
    %cmpi/e 1, 0, 32;
    %jmp/0xz  T_0.2, 4;
    %pushi/vec4 1, 0, 1;
    %ix/load 4, 7, 0;
    %flag_set/imm 4, 0;
    %store/vec4 v000001a323a3f450_0, 4, 1;
T_0.2 ;
    %jmp T_0.1;
T_0.0 ;
    %load/vec4 v000001a323a408f0_0;
    %parti/s 1, 0, 2;
    %store/vec4 v000001a323a3eeb0_0, 0, 1;
    %load/vec4 v000001a323a408f0_0;
    %ix/load 4, 1, 0;
    %flag_set/imm 4, 0;
    %shiftr 4;
    %store/vec4 v000001a323a3f1d0_0, 0, 8;
    %load/vec4 v000001a323a3f310_0;
    %parti/s 1, 0, 2;
    %ix/load 4, 7, 0;
    %flag_set/imm 4, 0;
    %store/vec4 v000001a323a3f1d0_0, 4, 1;
    %load/vec4 v000001a323a3f310_0;
    %ix/load 4, 1, 0;
    %flag_set/imm 4, 0;
    %shiftr 4;
    %store/vec4 v000001a323a3f450_0, 0, 8;
    %load/vec4 v000001a323a3f310_0;
    %parti/s 1, 7, 4;
    %pad/u 32;
    %cmpi/e 1, 0, 32;
    %jmp/0xz  T_0.4, 4;
    %pushi/vec4 1, 0, 1;
    %ix/load 4, 7, 0;
    %flag_set/imm 4, 0;
    %store/vec4 v000001a323a3f450_0, 4, 1;
T_0.4 ;
T_0.1 ;
    %jmp T_0;
    .thread T_0, $push;
# The file index is used to find the file name in the following table.
:file_names 6;
    "N/A";
    "<interactive>";
    "4_booth_substep.v";
    "./3_adder_subtractor.v";
    "./2_fa.v";
    "./1_xor.v";
